{"contracts/EnergyMarket.sol":{"l":{"53":3,"54":3,"55":3,"56":3,"67":1,"71":10,"78":15,"79":14,"80":0,"84":14,"85":14,"86":14,"93":14,"101":3,"102":2,"103":0,"107":2,"108":0,"112":2,"113":2,"114":2,"115":2,"116":2,"123":11,"124":11,"125":11,"132":5,"139":1,"140":1,"141":1,"148":7,"149":7,"150":6,"152":1,"154":7,"155":7,"159":0,"160":0,"161":0,"162":0,"163":0,"167":0,"168":0,"169":0,"173":0,"174":0,"175":0,"176":0,"251":2,"255":3,"259":3,"263":1,"267":1,"271":2,"287":6,"291":2,"295":1,"299":2,"303":1,"309":0,"314":24,"315":24,"321":24,"322":24,"324":24,"330":24,"331":24,"336":12,"337":11,"339":11,"345":11,"346":11,"348":11,"356":11,"357":1,"358":1,"359":1,"361":11,"366":17,"367":16,"368":16,"369":16,"370":16,"371":16,"376":8,"377":8,"378":8,"379":1,"383":7,"385":5,"391":5,"392":5,"394":5,"395":5,"396":5,"397":5,"399":5,"404":9,"405":8,"406":6,"407":6,"408":6,"409":1,"414":5,"415":5,"421":5,"423":5,"424":5,"425":5,"426":5,"428":5,"429":5,"431":5,"437":0,"440":0,"441":0,"442":0,"443":0,"446":0,"447":0,"448":0,"450":0,"451":0,"454":0,"455":0,"456":0,"460":0,"461":0,"462":0,"464":0,"468":0,"469":0,"470":0,"471":0,"474":0,"477":0,"478":0,"479":0,"480":0,"483":0,"484":0,"485":0,"490":0,"491":0,"494":0,"557":0,"558":0,"559":0,"560":0,"561":0,"562":0,"563":0,"565":0,"570":0,"575":0,"576":0,"578":0,"579":0,"580":0,"581":0,"582":0,"587":0,"588":0,"589":0,"592":0,"593":0},"path":"/Users/kaushallodd/Documents/Professional/VNIT/FYP/nrg-trading/contracts/EnergyMarket.sol","s":{"1":3,"2":1,"3":10,"4":15,"5":14,"6":14,"7":14,"8":3,"9":2,"10":2,"11":2,"12":2,"13":11,"14":11,"15":5,"16":1,"17":1,"18":7,"19":7,"20":7,"21":7,"22":0,"23":0,"24":0,"25":0,"26":0,"27":0,"28":0,"29":2,"30":3,"31":3,"32":1,"33":1,"34":2,"35":6,"36":2,"37":1,"38":2,"39":1,"40":0,"41":24,"42":24,"43":24,"44":24,"45":12,"46":11,"47":11,"48":11,"49":11,"50":11,"51":11,"52":1,"53":11,"54":17,"55":16,"56":16,"57":8,"58":8,"59":8,"60":7,"61":5,"62":5,"63":5,"64":5,"65":5,"66":9,"67":8,"68":6,"69":6,"70":6,"71":5,"72":5,"73":5,"74":5,"75":5,"76":5,"77":5,"78":5,"79":0,"80":0,"81":0,"82":0,"83":0,"84":0,"85":0,"86":0,"87":0,"88":0,"89":0,"90":0,"91":0,"92":0,"93":0,"94":0,"95":0,"96":0,"97":0,"98":0,"99":0,"100":0,"101":0,"102":0,"103":0,"104":0,"105":0,"106":0,"107":0,"108":0,"109":0,"110":0,"111":0,"112":0,"113":0},"b":{"1":[1,14],"2":[0,14],"3":[1,2],"4":[0,2],"5":[0,2],"6":[6,1],"7":[0,0],"8":[0,0],"9":[0,0],"10":[1,11],"11":[1,10],"12":[1,16],"13":[1,7],"14":[2,5],"15":[1,8],"16":[2,6],"17":[1,5],"18":[0,0],"19":[0,0],"20":[0,0],"21":[0,0]},"f":{"1":3,"2":1,"3":10,"4":15,"5":3,"6":11,"7":5,"8":1,"9":7,"10":0,"11":0,"12":2,"13":3,"14":3,"15":1,"16":1,"17":2,"18":6,"19":2,"20":1,"21":2,"22":1,"23":0,"24":24,"25":12,"26":17,"27":8,"28":9,"29":0,"30":0},"fnMap":{"1":{"name":"constructor","line":52,"loc":{"start":{"line":52,"column":4},"end":{"line":63,"column":4}}},"2":{"name":"totalSupply","line":66,"loc":{"start":{"line":66,"column":4},"end":{"line":68,"column":4}}},"3":{"name":"balanceOf","line":70,"loc":{"start":{"line":70,"column":4},"end":{"line":72,"column":4}}},"4":{"name":"transfer","line":74,"loc":{"start":{"line":74,"column":4},"end":{"line":94,"column":4}}},"5":{"name":"transferFrom","line":96,"loc":{"start":{"line":96,"column":4},"end":{"line":117,"column":4}}},"6":{"name":"approve","line":119,"loc":{"start":{"line":119,"column":4},"end":{"line":126,"column":4}}},"7":{"name":"allowance","line":128,"loc":{"start":{"line":128,"column":4},"end":{"line":133,"column":4}}},"8":{"name":"increaseAllowance","line":135,"loc":{"start":{"line":135,"column":4},"end":{"line":142,"column":4}}},"9":{"name":"decreaseAllowance","line":144,"loc":{"start":{"line":144,"column":4},"end":{"line":156,"column":4}}},"10":{"name":"mint","line":158,"loc":{"start":{"line":158,"column":4},"end":{"line":164,"column":4}}},"11":{"name":"burn","line":166,"loc":{"start":{"line":166,"column":4},"end":{"line":177,"column":4}}},"12":{"name":"getDSO","line":250,"loc":{"start":{"line":250,"column":4},"end":{"line":252,"column":4}}},"13":{"name":"getTotalEnergySupplied","line":254,"loc":{"start":{"line":254,"column":4},"end":{"line":256,"column":4}}},"14":{"name":"getTotalEnergyDemanded","line":258,"loc":{"start":{"line":258,"column":4},"end":{"line":260,"column":4}}},"15":{"name":"getTotalUsers","line":262,"loc":{"start":{"line":262,"column":4},"end":{"line":264,"column":4}}},"16":{"name":"getEndTime","line":266,"loc":{"start":{"line":266,"column":4},"end":{"line":268,"column":4}}},"17":{"name":"getIndexFromAddress","line":270,"loc":{"start":{"line":270,"column":4},"end":{"line":272,"column":4}}},"18":{"name":"getEnergyOwnershipInfo","line":283,"loc":{"start":{"line":283,"column":4},"end":{"line":288,"column":4}}},"19":{"name":"getSupplyIndex","line":290,"loc":{"start":{"line":290,"column":4},"end":{"line":292,"column":4}}},"20":{"name":"getSupplyInfo","line":294,"loc":{"start":{"line":294,"column":4},"end":{"line":296,"column":4}}},"21":{"name":"getDemandIndex","line":298,"loc":{"start":{"line":298,"column":4},"end":{"line":300,"column":4}}},"22":{"name":"getDemandInfo","line":302,"loc":{"start":{"line":302,"column":4},"end":{"line":304,"column":4}}},"23":{"name":"getMatchInfo","line":306,"loc":{"start":{"line":306,"column":4},"end":{"line":310,"column":4}}},"24":{"name":"register","line":313,"loc":{"start":{"line":313,"column":4},"end":{"line":332,"column":4}}},"25":{"name":"inject","line":335,"loc":{"start":{"line":335,"column":4},"end":{"line":362,"column":4}}},"26":{"name":"roundStart","line":365,"loc":{"start":{"line":365,"column":4},"end":{"line":372,"column":4}}},"27":{"name":"requestSell","line":375,"loc":{"start":{"line":375,"column":4},"end":{"line":400,"column":4}}},"28":{"name":"requestBuy","line":403,"loc":{"start":{"line":403,"column":4},"end":{"line":432,"column":4}}},"29":{"name":"matching","line":435,"loc":{"start":{"line":435,"column":4},"end":{"line":571,"column":4}}},"30":{"name":"trade","line":574,"loc":{"start":{"line":574,"column":4},"end":{"line":594,"column":4}}}},"statementMap":{"1":{"start":{"line":56,"column":8},"end":{"line":56,"column":2112}},"2":{"start":{"line":67,"column":8},"end":{"line":67,"column":28}},"3":{"start":{"line":71,"column":8},"end":{"line":71,"column":33}},"4":{"start":{"line":78,"column":8},"end":{"line":78,"column":71}},"5":{"start":{"line":79,"column":8},"end":{"line":79,"column":2717}},"6":{"start":{"line":86,"column":8},"end":{"line":86,"column":2987}},"7":{"start":{"line":93,"column":8},"end":{"line":93,"column":19}},"8":{"start":{"line":101,"column":8},"end":{"line":101,"column":71}},"9":{"start":{"line":102,"column":8},"end":{"line":102,"column":3384}},"10":{"start":{"line":107,"column":8},"end":{"line":107,"column":3572}},"11":{"start":{"line":115,"column":8},"end":{"line":115,"column":77}},"12":{"start":{"line":116,"column":8},"end":{"line":116,"column":19}},"13":{"start":{"line":124,"column":8},"end":{"line":124,"column":51}},"14":{"start":{"line":125,"column":8},"end":{"line":125,"column":19}},"15":{"start":{"line":132,"column":8},"end":{"line":132,"column":42}},"16":{"start":{"line":140,"column":8},"end":{"line":140,"column":76}},"17":{"start":{"line":141,"column":8},"end":{"line":141,"column":19}},"18":{"start":{"line":148,"column":8},"end":{"line":148,"column":58}},"19":{"start":{"line":149,"column":8},"end":{"line":149,"column":4894}},"20":{"start":{"line":154,"column":8},"end":{"line":154,"column":76}},"21":{"start":{"line":155,"column":8},"end":{"line":155,"column":19}},"22":{"start":{"line":159,"column":8},"end":{"line":159,"column":72}},"23":{"start":{"line":162,"column":8},"end":{"line":162,"column":66}},"24":{"start":{"line":163,"column":8},"end":{"line":163,"column":19}},"25":{"start":{"line":167,"column":8},"end":{"line":167,"column":72}},"26":{"start":{"line":168,"column":8},"end":{"line":168,"column":5672}},"27":{"start":{"line":175,"column":8},"end":{"line":175,"column":70}},"28":{"start":{"line":176,"column":8},"end":{"line":176,"column":19}},"29":{"start":{"line":251,"column":8},"end":{"line":251,"column":20}},"30":{"start":{"line":255,"column":8},"end":{"line":255,"column":36}},"31":{"start":{"line":259,"column":8},"end":{"line":259,"column":36}},"32":{"start":{"line":263,"column":8},"end":{"line":263,"column":27}},"33":{"start":{"line":267,"column":8},"end":{"line":267,"column":24}},"34":{"start":{"line":271,"column":8},"end":{"line":271,"column":33}},"35":{"start":{"line":287,"column":8},"end":{"line":287,"column":52}},"36":{"start":{"line":291,"column":8},"end":{"line":291,"column":28}},"37":{"start":{"line":295,"column":8},"end":{"line":295,"column":33}},"38":{"start":{"line":299,"column":8},"end":{"line":299,"column":28}},"39":{"start":{"line":303,"column":8},"end":{"line":303,"column":32}},"40":{"start":{"line":309,"column":8},"end":{"line":309,"column":32}},"41":{"start":{"line":315,"column":8},"end":{"line":315,"column":9567}},"42":{"start":{"line":321,"column":8},"end":{"line":321,"column":29}},"43":{"start":{"line":322,"column":8},"end":{"line":322,"column":31}},"44":{"start":{"line":324,"column":8},"end":{"line":324,"column":9813}},"45":{"start":{"line":336,"column":8},"end":{"line":336,"column":72}},"46":{"start":{"line":337,"column":8},"end":{"line":337,"column":39}},"47":{"start":{"line":339,"column":8},"end":{"line":339,"column":10222}},"48":{"start":{"line":345,"column":8},"end":{"line":345,"column":33}},"49":{"start":{"line":346,"column":8},"end":{"line":346,"column":43}},"50":{"start":{"line":348,"column":8},"end":{"line":348,"column":10485}},"51":{"start":{"line":356,"column":8},"end":{"line":356,"column":10659}},"52":{"start":{"line":359,"column":12},"end":{"line":359,"column":29}},"53":{"start":{"line":361,"column":8},"end":{"line":361,"column":19}},"54":{"start":{"line":366,"column":8},"end":{"line":366,"column":72}},"55":{"start":{"line":367,"column":8},"end":{"line":367,"column":43}},"56":{"start":{"line":371,"column":8},"end":{"line":371,"column":45}},"57":{"start":{"line":376,"column":8},"end":{"line":376,"column":43}},"58":{"start":{"line":377,"column":8},"end":{"line":377,"column":61}},"59":{"start":{"line":378,"column":8},"end":{"line":378,"column":11438}},"60":{"start":{"line":383,"column":8},"end":{"line":383,"column":76}},"61":{"start":{"line":385,"column":8},"end":{"line":385,"column":11708}},"62":{"start":{"line":391,"column":8},"end":{"line":391,"column":33}},"63":{"start":{"line":394,"column":8},"end":{"line":394,"column":59}},"64":{"start":{"line":395,"column":8},"end":{"line":395,"column":31}},"65":{"start":{"line":399,"column":8},"end":{"line":399,"column":50}},"66":{"start":{"line":404,"column":8},"end":{"line":404,"column":65}},"67":{"start":{"line":405,"column":8},"end":{"line":405,"column":76}},"68":{"start":{"line":406,"column":8},"end":{"line":406,"column":47}},"69":{"start":{"line":407,"column":8},"end":{"line":407,"column":52}},"70":{"start":{"line":408,"column":8},"end":{"line":408,"column":12568}},"71":{"start":{"line":414,"column":8},"end":{"line":414,"column":43}},"72":{"start":{"line":415,"column":8},"end":{"line":415,"column":12781}},"73":{"start":{"line":421,"column":8},"end":{"line":421,"column":33}},"74":{"start":{"line":423,"column":8},"end":{"line":423,"column":58}},"75":{"start":{"line":424,"column":8},"end":{"line":424,"column":29}},"76":{"start":{"line":428,"column":8},"end":{"line":428,"column":40}},"77":{"start":{"line":429,"column":8},"end":{"line":429,"column":31}},"78":{"start":{"line":431,"column":8},"end":{"line":431,"column":49}},"79":{"start":{"line":440,"column":8},"end":{"line":440,"column":59}},"80":{"start":{"line":441,"column":8},"end":{"line":441,"column":59}},"81":{"start":{"line":442,"column":8},"end":{"line":442,"column":43}},"82":{"start":{"line":443,"column":8},"end":{"line":443,"column":43}},"83":{"start":{"line":446,"column":8},"end":{"line":446,"column":21}},"84":{"start":{"line":447,"column":8},"end":{"line":447,"column":34}},"85":{"start":{"line":448,"column":8},"end":{"line":448,"column":34}},"86":{"start":{"line":450,"column":8},"end":{"line":450,"column":13849}},"87":{"start":{"line":454,"column":12},"end":{"line":454,"column":14042}},"88":{"start":{"line":455,"column":16},"end":{"line":455,"column":53}},"89":{"start":{"line":460,"column":16},"end":{"line":460,"column":66}},"90":{"start":{"line":461,"column":16},"end":{"line":461,"column":56}},"91":{"start":{"line":462,"column":16},"end":{"line":462,"column":72}},"92":{"start":{"line":473,"column":15},"end":{"line":473,"column":14934}},"93":{"start":{"line":477,"column":12},"end":{"line":477,"column":15129}},"94":{"start":{"line":478,"column":16},"end":{"line":478,"column":52}},"95":{"start":{"line":479,"column":16},"end":{"line":479,"column":66}},"96":{"start":{"line":490,"column":8},"end":{"line":490,"column":61}},"97":{"start":{"line":491,"column":8},"end":{"line":491,"column":60}},"98":{"start":{"line":557,"column":8},"end":{"line":557,"column":40}},"99":{"start":{"line":558,"column":8},"end":{"line":558,"column":18534}},"100":{"start":{"line":559,"column":12},"end":{"line":559,"column":48}},"101":{"start":{"line":560,"column":12},"end":{"line":560,"column":18642}},"102":{"start":{"line":561,"column":16},"end":{"line":561,"column":18705}},"103":{"start":{"line":562,"column":20},"end":{"line":562,"column":18770}},"104":{"start":{"line":565,"column":20},"end":{"line":565,"column":37}},"105":{"start":{"line":570,"column":8},"end":{"line":570,"column":19}},"106":{"start":{"line":575,"column":8},"end":{"line":575,"column":72}},"107":{"start":{"line":576,"column":8},"end":{"line":576,"column":30}},"108":{"start":{"line":578,"column":8},"end":{"line":578,"column":45}},"109":{"start":{"line":579,"column":8},"end":{"line":579,"column":19216}},"110":{"start":{"line":580,"column":12},"end":{"line":580,"column":54}},"111":{"start":{"line":581,"column":12},"end":{"line":581,"column":60}},"112":{"start":{"line":582,"column":12},"end":{"line":582,"column":19393}},"113":{"start":{"line":593,"column":8},"end":{"line":593,"column":19}}},"branchMap":{"1":{"line":78,"type":"if","locations":[{"start":{"line":78,"column":8},"end":{"line":78,"column":8}},{"start":{"line":78,"column":8},"end":{"line":78,"column":8}}]},"2":{"line":79,"type":"if","locations":[{"start":{"line":79,"column":8},"end":{"line":79,"column":8}},{"start":{"line":79,"column":8},"end":{"line":79,"column":8}}]},"3":{"line":101,"type":"if","locations":[{"start":{"line":101,"column":8},"end":{"line":101,"column":8}},{"start":{"line":101,"column":8},"end":{"line":101,"column":8}}]},"4":{"line":102,"type":"if","locations":[{"start":{"line":102,"column":8},"end":{"line":102,"column":8}},{"start":{"line":102,"column":8},"end":{"line":102,"column":8}}]},"5":{"line":107,"type":"if","locations":[{"start":{"line":107,"column":8},"end":{"line":107,"column":8}},{"start":{"line":107,"column":8},"end":{"line":107,"column":8}}]},"6":{"line":149,"type":"if","locations":[{"start":{"line":149,"column":8},"end":{"line":149,"column":8}},{"start":{"line":149,"column":8},"end":{"line":149,"column":8}}]},"7":{"line":159,"type":"if","locations":[{"start":{"line":159,"column":8},"end":{"line":159,"column":8}},{"start":{"line":159,"column":8},"end":{"line":159,"column":8}}]},"8":{"line":167,"type":"if","locations":[{"start":{"line":167,"column":8},"end":{"line":167,"column":8}},{"start":{"line":167,"column":8},"end":{"line":167,"column":8}}]},"9":{"line":168,"type":"if","locations":[{"start":{"line":168,"column":8},"end":{"line":168,"column":8}},{"start":{"line":168,"column":8},"end":{"line":168,"column":8}}]},"10":{"line":336,"type":"if","locations":[{"start":{"line":336,"column":8},"end":{"line":336,"column":8}},{"start":{"line":336,"column":8},"end":{"line":336,"column":8}}]},"11":{"line":356,"type":"if","locations":[{"start":{"line":356,"column":8},"end":{"line":356,"column":8}},{"start":{"line":356,"column":8},"end":{"line":356,"column":8}}]},"12":{"line":366,"type":"if","locations":[{"start":{"line":366,"column":8},"end":{"line":366,"column":8}},{"start":{"line":366,"column":8},"end":{"line":366,"column":8}}]},"13":{"line":378,"type":"if","locations":[{"start":{"line":378,"column":8},"end":{"line":378,"column":8}},{"start":{"line":378,"column":8},"end":{"line":378,"column":8}}]},"14":{"line":383,"type":"if","locations":[{"start":{"line":383,"column":8},"end":{"line":383,"column":8}},{"start":{"line":383,"column":8},"end":{"line":383,"column":8}}]},"15":{"line":404,"type":"if","locations":[{"start":{"line":404,"column":8},"end":{"line":404,"column":8}},{"start":{"line":404,"column":8},"end":{"line":404,"column":8}}]},"16":{"line":405,"type":"if","locations":[{"start":{"line":405,"column":8},"end":{"line":405,"column":8}},{"start":{"line":405,"column":8},"end":{"line":405,"column":8}}]},"17":{"line":408,"type":"if","locations":[{"start":{"line":408,"column":8},"end":{"line":408,"column":8}},{"start":{"line":408,"column":8},"end":{"line":408,"column":8}}]},"18":{"line":450,"type":"if","locations":[{"start":{"line":450,"column":8},"end":{"line":450,"column":8}},{"start":{"line":450,"column":8},"end":{"line":450,"column":8}}]},"19":{"line":473,"type":"if","locations":[{"start":{"line":473,"column":15},"end":{"line":473,"column":15}},{"start":{"line":473,"column":15},"end":{"line":473,"column":15}}]},"20":{"line":561,"type":"if","locations":[{"start":{"line":561,"column":16},"end":{"line":561,"column":16}},{"start":{"line":561,"column":16},"end":{"line":561,"column":16}}]},"21":{"line":575,"type":"if","locations":[{"start":{"line":575,"column":8},"end":{"line":575,"column":8}},{"start":{"line":575,"column":8},"end":{"line":575,"column":8}}]}}}}