TN:
SF:/Users/kaushallodd/Documents/Professional/VNIT/FYP/nrg-trading/contracts/EnergyMarket.sol
FN:52,constructor
FN:66,totalSupply
FN:70,balanceOf
FN:74,transfer
FN:96,transferFrom
FN:119,approve
FN:128,allowance
FN:135,increaseAllowance
FN:144,decreaseAllowance
FN:158,mint
FN:166,burn
FN:250,getDSO
FN:254,getTotalEnergySupplied
FN:258,getTotalEnergyDemanded
FN:262,getTotalUsers
FN:266,getEndTime
FN:270,getIndexFromAddress
FN:283,getEnergyOwnershipInfo
FN:290,getSupplyIndex
FN:294,getSupplyInfo
FN:298,getDemandIndex
FN:302,getDemandInfo
FN:306,getMatchInfo
FN:313,register
FN:335,inject
FN:365,roundStart
FN:375,requestSell
FN:403,requestBuy
FN:435,matching
FN:574,trade
FNF:30
FNH:25
FNDA:3,constructor
FNDA:1,totalSupply
FNDA:10,balanceOf
FNDA:15,transfer
FNDA:3,transferFrom
FNDA:11,approve
FNDA:5,allowance
FNDA:1,increaseAllowance
FNDA:7,decreaseAllowance
FNDA:0,mint
FNDA:0,burn
FNDA:2,getDSO
FNDA:3,getTotalEnergySupplied
FNDA:3,getTotalEnergyDemanded
FNDA:1,getTotalUsers
FNDA:1,getEndTime
FNDA:2,getIndexFromAddress
FNDA:6,getEnergyOwnershipInfo
FNDA:2,getSupplyIndex
FNDA:1,getSupplyInfo
FNDA:2,getDemandIndex
FNDA:1,getDemandInfo
FNDA:0,getMatchInfo
FNDA:24,register
FNDA:12,inject
FNDA:17,roundStart
FNDA:8,requestSell
FNDA:9,requestBuy
FNDA:0,matching
FNDA:0,trade
DA:53,3
DA:54,3
DA:55,3
DA:56,3
DA:67,1
DA:71,10
DA:78,15
DA:79,14
DA:80,0
DA:84,14
DA:85,14
DA:86,14
DA:93,14
DA:101,3
DA:102,2
DA:103,0
DA:107,2
DA:108,0
DA:112,2
DA:113,2
DA:114,2
DA:115,2
DA:116,2
DA:123,11
DA:124,11
DA:125,11
DA:132,5
DA:139,1
DA:140,1
DA:141,1
DA:148,7
DA:149,7
DA:150,6
DA:152,1
DA:154,7
DA:155,7
DA:159,0
DA:160,0
DA:161,0
DA:162,0
DA:163,0
DA:167,0
DA:168,0
DA:169,0
DA:173,0
DA:174,0
DA:175,0
DA:176,0
DA:251,2
DA:255,3
DA:259,3
DA:263,1
DA:267,1
DA:271,2
DA:287,6
DA:291,2
DA:295,1
DA:299,2
DA:303,1
DA:309,0
DA:314,24
DA:315,24
DA:321,24
DA:322,24
DA:324,24
DA:330,24
DA:331,24
DA:336,12
DA:337,11
DA:339,11
DA:345,11
DA:346,11
DA:348,11
DA:356,11
DA:357,1
DA:358,1
DA:359,1
DA:361,11
DA:366,17
DA:367,16
DA:368,16
DA:369,16
DA:370,16
DA:371,16
DA:376,8
DA:377,8
DA:378,8
DA:379,1
DA:383,7
DA:385,5
DA:391,5
DA:392,5
DA:394,5
DA:395,5
DA:396,5
DA:397,5
DA:399,5
DA:404,9
DA:405,8
DA:406,6
DA:407,6
DA:408,6
DA:409,1
DA:414,5
DA:415,5
DA:421,5
DA:423,5
DA:424,5
DA:425,5
DA:426,5
DA:428,5
DA:429,5
DA:431,5
DA:437,0
DA:440,0
DA:441,0
DA:442,0
DA:443,0
DA:446,0
DA:447,0
DA:448,0
DA:450,0
DA:451,0
DA:454,0
DA:455,0
DA:456,0
DA:460,0
DA:461,0
DA:462,0
DA:464,0
DA:468,0
DA:469,0
DA:470,0
DA:471,0
DA:474,0
DA:477,0
DA:478,0
DA:479,0
DA:480,0
DA:483,0
DA:484,0
DA:485,0
DA:490,0
DA:491,0
DA:494,0
DA:557,0
DA:558,0
DA:559,0
DA:560,0
DA:561,0
DA:562,0
DA:563,0
DA:565,0
DA:570,0
DA:575,0
DA:576,0
DA:578,0
DA:579,0
DA:580,0
DA:581,0
DA:582,0
DA:587,0
DA:588,0
DA:589,0
DA:592,0
DA:593,0
LF:166
LH:97
BRDA:78,1,0,1
BRDA:78,1,1,14
BRDA:79,2,0,0
BRDA:79,2,1,14
BRDA:101,3,0,1
BRDA:101,3,1,2
BRDA:102,4,0,0
BRDA:102,4,1,2
BRDA:107,5,0,0
BRDA:107,5,1,2
BRDA:149,6,0,6
BRDA:149,6,1,1
BRDA:159,7,0,0
BRDA:159,7,1,0
BRDA:167,8,0,0
BRDA:167,8,1,0
BRDA:168,9,0,0
BRDA:168,9,1,0
BRDA:336,10,0,1
BRDA:336,10,1,11
BRDA:356,11,0,1
BRDA:356,11,1,10
BRDA:366,12,0,1
BRDA:366,12,1,16
BRDA:378,13,0,1
BRDA:378,13,1,7
BRDA:383,14,0,2
BRDA:383,14,1,5
BRDA:404,15,0,1
BRDA:404,15,1,8
BRDA:405,16,0,2
BRDA:405,16,1,6
BRDA:408,17,0,1
BRDA:408,17,1,5
BRDA:450,18,0,0
BRDA:450,18,1,0
BRDA:473,19,0,0
BRDA:473,19,1,0
BRDA:561,20,0,0
BRDA:561,20,1,0
BRDA:575,21,0,0
BRDA:575,21,1,0
BRF:42
BRH:25
end_of_record
